<?xml version="1.0" encoding="UTF-8"?>
<testng-results ignored="0" total="5" passed="5" failed="0" skipped="0">
  <reporter-output>
  </reporter-output>
  <suite started-at="2023-11-26T21:52:57 IST" name="PetSuite" finished-at="2023-11-26T21:53:14 IST" duration-ms="16719">
    <groups>
      <group name="PET APIS">
        <method signature="PetTest.testAddPet()[pri:1, instance:api.tests.PetTest@15eb5ee5]" name="testAddPet" class="api.tests.PetTest"/>
      </group> <!-- PET APIS -->
    </groups>
    <test started-at="2023-11-26T21:52:57 IST" name="PetTest" finished-at="2023-11-26T21:53:14 IST" duration-ms="16719">
      <class name="api.tests.PetTest">
        <test-method is-config="true" signature="setup()[pri:0, instance:api.tests.PetTest@15eb5ee5]" started-at="2023-11-26T21:52:58 IST" name="setup" finished-at="2023-11-26T21:52:58 IST" duration-ms="484" status="PASS">
          <reporter-output>
          </reporter-output>
        </test-method> <!-- setup -->
        <test-method signature="testAddPet()[pri:1, instance:api.tests.PetTest@15eb5ee5]" started-at="2023-11-26T21:52:58 IST" name="testAddPet" finished-at="2023-11-26T21:53:07 IST" duration-ms="9026" status="PASS">
          <reporter-output>
          </reporter-output>
        </test-method> <!-- testAddPet -->
        <test-method signature="testGetPetById()[pri:2, instance:api.tests.PetTest@15eb5ee5]" started-at="2023-11-26T21:53:07 IST" name="testGetPetById" finished-at="2023-11-26T21:53:09 IST" duration-ms="1576" status="PASS">
          <reporter-output>
          </reporter-output>
        </test-method> <!-- testGetPetById -->
        <test-method signature="testFindPetByStatus()[pri:3, instance:api.tests.PetTest@15eb5ee5]" started-at="2023-11-26T21:53:09 IST" name="testFindPetByStatus" finished-at="2023-11-26T21:53:11 IST" duration-ms="1545" status="PASS">
          <reporter-output>
          </reporter-output>
        </test-method> <!-- testFindPetByStatus -->
        <test-method signature="testUpdateExistingPetViaFormData()[pri:4, instance:api.tests.PetTest@15eb5ee5]" started-at="2023-11-26T21:53:11 IST" name="testUpdateExistingPetViaFormData" finished-at="2023-11-26T21:53:12 IST" duration-ms="1536" status="PASS">
          <reporter-output>
          </reporter-output>
        </test-method> <!-- testUpdateExistingPetViaFormData -->
        <test-method signature="testDeletePet()[pri:5, instance:api.tests.PetTest@15eb5ee5]" started-at="2023-11-26T21:53:12 IST" name="testDeletePet" finished-at="2023-11-26T21:53:14 IST" duration-ms="1483" status="PASS">
          <reporter-output>
          </reporter-output>
        </test-method> <!-- testDeletePet -->
      </class> <!-- api.tests.PetTest -->
    </test> <!-- PetTest -->
  </suite> <!-- PetSuite -->
</testng-results>
