<?xml version="1.0" encoding="UTF-8"?>
<!-- Generated by org.testng.reporters.JUnitXMLReporter -->
<testsuite ignored="0" hostname="DESKTOP-2QLQUDS" failures="0" tests="5" name="PetTest" time="16.719" errors="0" timestamp="2023-11-26T21:53:14 IST">
  <testcase classname="api.tests.PetTest" name="testAddPet" time="9.026"/>
  <testcase classname="api.tests.PetTest" name="testGetPetById" time="1.576"/>
  <testcase classname="api.tests.PetTest" name="testFindPetByStatus" time="1.545"/>
  <testcase classname="api.tests.PetTest" name="testUpdateExistingPetViaFormData" time="1.536"/>
  <testcase classname="api.tests.PetTest" name="testDeletePet" time="1.483"/>
</testsuite> <!-- PetTest -->
