<?xml version="1.0" encoding="UTF-8"?>
<!-- Generated by org.testng.reporters.JUnitXMLReporter -->
<testsuite ignored="0" hostname="DESKTOP-2QLQUDS" failures="2" tests="2" name="PetTest" time="3.384" errors="0" timestamp="2023-11-30T17:02:01 IST">
  <testcase classname="api.tests.PetTestDdt" name="testAddPet" time="0.012">
    <failure type="java.lang.NumberFormatException" message="For input string: &amp;quot;&amp;quot;">
      <![CDATA[java.lang.NumberFormatException: For input string: ""
at java.base/java.lang.NumberFormatException.forInputString(NumberFormatException.java:67)
at java.base/java.lang.Integer.parseInt(Integer.java:678)
at java.base/java.lang.Integer.parseInt(Integer.java:786)
at api.tests.PetTestDdt.testAddPet(PetTestDdt.java:24)
at java.base/java.util.ArrayList.forEach(ArrayList.java:1511)
... Removed 31 stack frames]]>
    </failure>
  </testcase> <!-- testAddPet -->
  <testcase classname="api.tests.PetTestDdt" name="testAddPet" time="0.003">
    <failure type="java.lang.NumberFormatException" message="For input string: &amp;quot;&amp;quot;">
      <![CDATA[java.lang.NumberFormatException: For input string: ""
at java.base/java.lang.NumberFormatException.forInputString(NumberFormatException.java:67)
at java.base/java.lang.Integer.parseInt(Integer.java:678)
at java.base/java.lang.Integer.parseInt(Integer.java:786)
at api.tests.PetTestDdt.testAddPet(PetTestDdt.java:24)
at java.base/java.util.ArrayList.forEach(ArrayList.java:1511)
... Removed 31 stack frames]]>
    </failure>
  </testcase> <!-- testAddPet -->
</testsuite> <!-- PetTest -->
